{"/Users/adrian/Documents/SimpleDB/thumbstack.js":{"path":"/Users/adrian/Documents/SimpleDB/thumbstack.js","s":{"1":1,"2":17,"3":4,"4":4,"5":4,"6":1,"7":3,"8":6,"9":6,"10":3,"11":3,"12":3,"13":6,"14":6,"15":6,"16":1,"17":5,"18":5,"19":4,"20":5,"21":16,"22":16,"23":35,"24":18,"25":17,"26":35,"27":4,"28":7,"29":7,"30":20,"31":20,"32":20,"33":20,"34":20,"35":18,"36":45,"37":4,"38":4,"39":4,"40":4,"41":4,"42":3,"43":3,"44":1,"45":1,"46":4,"47":23,"48":2,"49":21,"50":39,"51":39,"52":5,"53":34,"54":34,"55":31,"56":3,"57":2,"58":39,"59":17,"60":17,"61":15,"62":18,"63":18,"64":18,"65":18,"66":18,"67":18,"68":2,"69":1,"70":16,"71":19,"72":19,"73":3,"74":16,"75":1,"76":17,"77":4,"78":4,"79":1,"80":6,"81":6,"82":1,"83":16,"84":16,"85":16,"86":31,"87":4,"88":7,"89":1,"90":1,"91":1,"92":19,"93":19,"94":19,"95":19,"96":19,"97":19,"98":86,"99":86,"100":86,"101":86,"102":86,"103":86,"104":1},"b":{"1":[1,3],"2":[5,1],"3":[1,5],"4":[4,12],"5":[18,17],"6":[3,4],"7":[3,1],"8":[2,1],"9":[2,21],"10":[5,34],"11":[31,3],"12":[2,1],"13":[17,22],"14":[39,18,18],"15":[15,2],"16":[2,16],"17":[1,1],"18":[3,16],"19":[19,3],"20":[1,3],"21":[1,5],"22":[4,12]},"f":{"1":17,"2":4,"3":6,"4":16,"5":35,"6":4,"7":7,"8":20,"9":18,"10":45,"11":4,"12":23,"13":39,"14":18,"15":19,"16":17,"17":4,"18":6,"19":1,"20":16,"21":31,"22":4,"23":7,"24":1,"25":19},"fnMap":{"1":{"name":"(anonymous_1)","line":93,"loc":{"start":{"line":93,"column":11},"end":{"line":93,"column":22}}},"2":{"name":"(anonymous_2)","line":105,"loc":{"start":{"line":105,"column":12},"end":{"line":105,"column":23}}},"3":{"name":"(anonymous_3)","line":137,"loc":{"start":{"line":137,"column":14},"end":{"line":137,"column":25}}},"4":{"name":"(anonymous_4)","line":169,"loc":{"start":{"line":169,"column":9},"end":{"line":169,"column":24}}},"5":{"name":"(anonymous_5)","line":185,"loc":{"start":{"line":185,"column":9},"end":{"line":185,"column":31}}},"6":{"name":"(anonymous_6)","line":205,"loc":{"start":{"line":205,"column":11},"end":{"line":205,"column":26}}},"7":{"name":"(anonymous_7)","line":218,"loc":{"start":{"line":218,"column":16},"end":{"line":218,"column":32}}},"8":{"name":"(anonymous_8)","line":230,"loc":{"start":{"line":230,"column":11},"end":{"line":230,"column":22}}},"9":{"name":"(anonymous_9)","line":245,"loc":{"start":{"line":245,"column":13},"end":{"line":245,"column":24}}},"10":{"name":"(anonymous_10)","line":262,"loc":{"start":{"line":262,"column":22},"end":{"line":262,"column":33}}},"11":{"name":"(anonymous_11)","line":274,"loc":{"start":{"line":274,"column":19},"end":{"line":274,"column":34}}},"12":{"name":"(anonymous_12)","line":306,"loc":{"start":{"line":306,"column":14},"end":{"line":306,"column":36}}},"13":{"name":"(anonymous_13)","line":324,"loc":{"start":{"line":324,"column":25},"end":{"line":324,"column":47}}},"14":{"name":"(anonymous_14)","line":358,"loc":{"start":{"line":358,"column":30},"end":{"line":358,"column":52}}},"15":{"name":"(anonymous_15)","line":393,"loc":{"start":{"line":393,"column":40},"end":{"line":393,"column":55}}},"16":{"name":"(anonymous_16)","line":405,"loc":{"start":{"line":405,"column":11},"end":{"line":405,"column":22}}},"17":{"name":"(anonymous_17)","line":408,"loc":{"start":{"line":408,"column":12},"end":{"line":408,"column":23}}},"18":{"name":"(anonymous_18)","line":414,"loc":{"start":{"line":414,"column":14},"end":{"line":414,"column":25}}},"19":{"name":"(anonymous_19)","line":420,"loc":{"start":{"line":420,"column":9},"end":{"line":420,"column":20}}},"20":{"name":"(anonymous_20)","line":421,"loc":{"start":{"line":421,"column":9},"end":{"line":421,"column":24}}},"21":{"name":"(anonymous_21)","line":426,"loc":{"start":{"line":426,"column":9},"end":{"line":426,"column":31}}},"22":{"name":"(anonymous_22)","line":429,"loc":{"start":{"line":429,"column":11},"end":{"line":429,"column":26}}},"23":{"name":"(anonymous_23)","line":432,"loc":{"start":{"line":432,"column":16},"end":{"line":432,"column":31}}},"24":{"name":"log","line":444,"loc":{"start":{"line":444,"column":0},"end":{"line":444,"column":22}}},"25":{"name":"processInput","line":455,"loc":{"start":{"line":455,"column":0},"end":{"line":455,"column":29}}}},"statementMap":{"1":{"start":{"line":2,"column":0},"end":{"line":402,"column":2}},"2":{"start":{"line":94,"column":8},"end":{"line":94,"column":36}},"3":{"start":{"line":106,"column":8},"end":{"line":106,"column":17}},"4":{"start":{"line":107,"column":8},"end":{"line":107,"column":18}},"5":{"start":{"line":110,"column":8},"end":{"line":112,"column":9}},"6":{"start":{"line":111,"column":12},"end":{"line":111,"column":25}},"7":{"start":{"line":115,"column":8},"end":{"line":121,"column":9}},"8":{"start":{"line":119,"column":12},"end":{"line":119,"column":83}},"9":{"start":{"line":120,"column":12},"end":{"line":120,"column":39}},"10":{"start":{"line":124,"column":8},"end":{"line":124,"column":32}},"11":{"start":{"line":125,"column":8},"end":{"line":125,"column":44}},"12":{"start":{"line":128,"column":8},"end":{"line":128,"column":20}},"13":{"start":{"line":138,"column":8},"end":{"line":138,"column":24}},"14":{"start":{"line":139,"column":8},"end":{"line":139,"column":17}},"15":{"start":{"line":142,"column":8},"end":{"line":144,"column":9}},"16":{"start":{"line":143,"column":12},"end":{"line":143,"column":25}},"17":{"start":{"line":147,"column":8},"end":{"line":147,"column":47}},"18":{"start":{"line":151,"column":8},"end":{"line":153,"column":9}},"19":{"start":{"line":152,"column":12},"end":{"line":152,"column":37}},"20":{"start":{"line":156,"column":8},"end":{"line":156,"column":20}},"21":{"start":{"line":170,"column":8},"end":{"line":170,"column":46}},"22":{"start":{"line":171,"column":8},"end":{"line":171,"column":50}},"23":{"start":{"line":186,"column":8},"end":{"line":192,"column":9}},"24":{"start":{"line":188,"column":12},"end":{"line":188,"column":55}},"25":{"start":{"line":191,"column":12},"end":{"line":191,"column":39}},"26":{"start":{"line":195,"column":8},"end":{"line":195,"column":46}},"27":{"start":{"line":206,"column":8},"end":{"line":206,"column":29}},"28":{"start":{"line":219,"column":8},"end":{"line":219,"column":43}},"29":{"start":{"line":220,"column":8},"end":{"line":220,"column":43}},"30":{"start":{"line":231,"column":8},"end":{"line":231,"column":32}},"31":{"start":{"line":232,"column":8},"end":{"line":232,"column":44}},"32":{"start":{"line":233,"column":8},"end":{"line":233,"column":22}},"33":{"start":{"line":234,"column":8},"end":{"line":234,"column":33}},"34":{"start":{"line":235,"column":8},"end":{"line":235,"column":31}},"35":{"start":{"line":246,"column":8},"end":{"line":252,"column":9}},"36":{"start":{"line":263,"column":8},"end":{"line":263,"column":45}},"37":{"start":{"line":275,"column":8},"end":{"line":275,"column":18}},"38":{"start":{"line":276,"column":8},"end":{"line":276,"column":43}},"39":{"start":{"line":277,"column":8},"end":{"line":277,"column":74}},"40":{"start":{"line":279,"column":8},"end":{"line":279,"column":37}},"41":{"start":{"line":280,"column":8},"end":{"line":291,"column":9}},"42":{"start":{"line":284,"column":12},"end":{"line":284,"column":56}},"43":{"start":{"line":285,"column":12},"end":{"line":285,"column":61}},"44":{"start":{"line":289,"column":12},"end":{"line":289,"column":91}},"45":{"start":{"line":290,"column":12},"end":{"line":290,"column":77}},"46":{"start":{"line":293,"column":8},"end":{"line":293,"column":46}},"47":{"start":{"line":307,"column":8},"end":{"line":311,"column":9}},"48":{"start":{"line":308,"column":12},"end":{"line":308,"column":34}},"49":{"start":{"line":310,"column":12},"end":{"line":310,"column":35}},"50":{"start":{"line":325,"column":8},"end":{"line":325,"column":49}},"51":{"start":{"line":327,"column":8},"end":{"line":336,"column":9}},"52":{"start":{"line":328,"column":12},"end":{"line":328,"column":45}},"53":{"start":{"line":330,"column":12},"end":{"line":330,"column":46}},"54":{"start":{"line":331,"column":12},"end":{"line":335,"column":13}},"55":{"start":{"line":332,"column":16},"end":{"line":332,"column":45}},"56":{"start":{"line":333,"column":19},"end":{"line":335,"column":13}},"57":{"start":{"line":334,"column":16},"end":{"line":334,"column":45}},"58":{"start":{"line":338,"column":8},"end":{"line":347,"column":9}},"59":{"start":{"line":343,"column":12},"end":{"line":343,"column":44}},"60":{"start":{"line":344,"column":12},"end":{"line":346,"column":13}},"61":{"start":{"line":345,"column":16},"end":{"line":345,"column":51}},"62":{"start":{"line":359,"column":8},"end":{"line":359,"column":68}},"63":{"start":{"line":360,"column":8},"end":{"line":360,"column":77}},"64":{"start":{"line":361,"column":8},"end":{"line":361,"column":43}},"65":{"start":{"line":365,"column":8},"end":{"line":365,"column":41}},"66":{"start":{"line":367,"column":8},"end":{"line":367,"column":87}},"67":{"start":{"line":368,"column":8},"end":{"line":380,"column":9}},"68":{"start":{"line":373,"column":12},"end":{"line":375,"column":13}},"69":{"start":{"line":374,"column":16},"end":{"line":374,"column":83}},"70":{"start":{"line":379,"column":12},"end":{"line":379,"column":79}},"71":{"start":{"line":394,"column":8},"end":{"line":394,"column":74}},"72":{"start":{"line":396,"column":8},"end":{"line":398,"column":9}},"73":{"start":{"line":397,"column":12},"end":{"line":397,"column":77}},"74":{"start":{"line":400,"column":8},"end":{"line":400,"column":20}},"75":{"start":{"line":404,"column":0},"end":{"line":435,"column":1}},"76":{"start":{"line":406,"column":8},"end":{"line":406,"column":25}},"77":{"start":{"line":409,"column":8},"end":{"line":409,"column":39}},"78":{"start":{"line":410,"column":8},"end":{"line":412,"column":9}},"79":{"start":{"line":411,"column":12},"end":{"line":411,"column":34}},"80":{"start":{"line":415,"column":8},"end":{"line":415,"column":41}},"81":{"start":{"line":416,"column":8},"end":{"line":418,"column":9}},"82":{"start":{"line":417,"column":12},"end":{"line":417,"column":34}},"83":{"start":{"line":422,"column":8},"end":{"line":422,"column":39}},"84":{"start":{"line":423,"column":8},"end":{"line":423,"column":48}},"85":{"start":{"line":424,"column":8},"end":{"line":424,"column":26}},"86":{"start":{"line":427,"column":8},"end":{"line":427,"column":34}},"87":{"start":{"line":430,"column":8},"end":{"line":430,"column":29}},"88":{"start":{"line":433,"column":8},"end":{"line":433,"column":46}},"89":{"start":{"line":444,"column":0},"end":{"line":446,"column":1}},"90":{"start":{"line":445,"column":4},"end":{"line":445,"column":25}},"91":{"start":{"line":455,"column":0},"end":{"line":470,"column":1}},"92":{"start":{"line":456,"column":4},"end":{"line":456,"column":34}},"93":{"start":{"line":457,"column":4},"end":{"line":457,"column":13}},"94":{"start":{"line":458,"column":4},"end":{"line":458,"column":10}},"95":{"start":{"line":459,"column":4},"end":{"line":459,"column":13}},"96":{"start":{"line":460,"column":4},"end":{"line":460,"column":16}},"97":{"start":{"line":462,"column":4},"end":{"line":469,"column":5}},"98":{"start":{"line":463,"column":8},"end":{"line":463,"column":24}},"99":{"start":{"line":464,"column":8},"end":{"line":464,"column":18}},"100":{"start":{"line":465,"column":8},"end":{"line":465,"column":31}},"101":{"start":{"line":466,"column":8},"end":{"line":466,"column":26}},"102":{"start":{"line":467,"column":8},"end":{"line":467,"column":21}},"103":{"start":{"line":468,"column":8},"end":{"line":468,"column":44}},"104":{"start":{"line":472,"column":0},"end":{"line":476,"column":1}}},"branchMap":{"1":{"line":110,"type":"if","locations":[{"start":{"line":110,"column":8},"end":{"line":110,"column":8}},{"start":{"line":110,"column":8},"end":{"line":110,"column":8}}]},"2":{"line":119,"type":"cond-expr","locations":[{"start":{"line":119,"column":50},"end":{"line":119,"column":75}},{"start":{"line":119,"column":78},"end":{"line":119,"column":82}}]},"3":{"line":142,"type":"if","locations":[{"start":{"line":142,"column":8},"end":{"line":142,"column":8}},{"start":{"line":142,"column":8},"end":{"line":142,"column":8}}]},"4":{"line":171,"type":"cond-expr","locations":[{"start":{"line":171,"column":37},"end":{"line":171,"column":41}},{"start":{"line":171,"column":44},"end":{"line":171,"column":49}}]},"5":{"line":186,"type":"if","locations":[{"start":{"line":186,"column":8},"end":{"line":186,"column":8}},{"start":{"line":186,"column":8},"end":{"line":186,"column":8}}]},"6":{"line":220,"type":"cond-expr","locations":[{"start":{"line":220,"column":35},"end":{"line":220,"column":36}},{"start":{"line":220,"column":39},"end":{"line":220,"column":42}}]},"7":{"line":280,"type":"if","locations":[{"start":{"line":280,"column":8},"end":{"line":280,"column":8}},{"start":{"line":280,"column":8},"end":{"line":280,"column":8}}]},"8":{"line":285,"type":"cond-expr","locations":[{"start":{"line":285,"column":39},"end":{"line":285,"column":53}},{"start":{"line":285,"column":56},"end":{"line":285,"column":60}}]},"9":{"line":307,"type":"if","locations":[{"start":{"line":307,"column":8},"end":{"line":307,"column":8}},{"start":{"line":307,"column":8},"end":{"line":307,"column":8}}]},"10":{"line":327,"type":"if","locations":[{"start":{"line":327,"column":8},"end":{"line":327,"column":8}},{"start":{"line":327,"column":8},"end":{"line":327,"column":8}}]},"11":{"line":331,"type":"if","locations":[{"start":{"line":331,"column":12},"end":{"line":331,"column":12}},{"start":{"line":331,"column":12},"end":{"line":331,"column":12}}]},"12":{"line":333,"type":"if","locations":[{"start":{"line":333,"column":19},"end":{"line":333,"column":19}},{"start":{"line":333,"column":19},"end":{"line":333,"column":19}}]},"13":{"line":338,"type":"if","locations":[{"start":{"line":338,"column":8},"end":{"line":338,"column":8}},{"start":{"line":338,"column":8},"end":{"line":338,"column":8}}]},"14":{"line":339,"type":"binary-expr","locations":[{"start":{"line":339,"column":12},"end":{"line":339,"column":34}},{"start":{"line":340,"column":12},"end":{"line":340,"column":53}},{"start":{"line":341,"column":12},"end":{"line":341,"column":30}}]},"15":{"line":344,"type":"if","locations":[{"start":{"line":344,"column":12},"end":{"line":344,"column":12}},{"start":{"line":344,"column":12},"end":{"line":344,"column":12}}]},"16":{"line":368,"type":"if","locations":[{"start":{"line":368,"column":8},"end":{"line":368,"column":8}},{"start":{"line":368,"column":8},"end":{"line":368,"column":8}}]},"17":{"line":373,"type":"if","locations":[{"start":{"line":373,"column":12},"end":{"line":373,"column":12}},{"start":{"line":373,"column":12},"end":{"line":373,"column":12}}]},"18":{"line":396,"type":"if","locations":[{"start":{"line":396,"column":8},"end":{"line":396,"column":8}},{"start":{"line":396,"column":8},"end":{"line":396,"column":8}}]},"19":{"line":396,"type":"binary-expr","locations":[{"start":{"line":396,"column":12},"end":{"line":396,"column":34}},{"start":{"line":396,"column":38},"end":{"line":396,"column":67}}]},"20":{"line":410,"type":"if","locations":[{"start":{"line":410,"column":8},"end":{"line":410,"column":8}},{"start":{"line":410,"column":8},"end":{"line":410,"column":8}}]},"21":{"line":416,"type":"if","locations":[{"start":{"line":416,"column":8},"end":{"line":416,"column":8}},{"start":{"line":416,"column":8},"end":{"line":416,"column":8}}]},"22":{"line":423,"type":"cond-expr","locations":[{"start":{"line":423,"column":33},"end":{"line":423,"column":39}},{"start":{"line":423,"column":42},"end":{"line":423,"column":47}}]}}}}