{"/Users/adrian/Documents/SimpleDB/thumbstack.js":{"path":"/Users/adrian/Documents/SimpleDB/thumbstack.js","s":{"1":1,"2":1,"3":1,"4":1,"5":1,"6":8,"7":3,"8":3,"9":3,"10":1,"11":2,"12":3,"13":3,"14":2,"15":2,"16":2,"17":4,"18":4,"19":4,"20":1,"21":3,"22":3,"23":2,"24":2,"25":1,"26":3,"27":5,"28":5,"29":5,"30":5,"31":1,"32":4,"33":5,"34":16,"35":16,"36":16,"37":16,"38":7,"39":7,"40":7,"41":7,"42":5,"43":5,"44":4,"45":2,"46":9,"47":1,"48":3,"49":3,"50":3,"51":2,"52":1,"53":3,"54":23,"55":16,"56":16,"57":16,"58":11,"59":1,"60":1,"61":10,"62":10,"63":13,"64":13,"65":13,"66":12,"67":12,"68":4,"69":9,"70":1,"71":8,"72":3,"73":3,"74":1,"75":4,"76":4,"77":1,"78":3,"79":3,"80":3,"81":15,"82":1,"83":3,"84":1,"85":15,"86":15,"87":15,"88":15,"89":15,"90":15,"91":38,"92":38,"93":38,"94":38,"95":38,"96":38,"97":1},"b":{"1":[1,2],"2":[2,1],"3":[1,3],"4":[1,1],"5":[2,2],"6":[1,4],"7":[1,4],"8":[7,9],"9":[5,2],"10":[4,1],"11":[1,1],"12":[1,10],"13":[12,1],"14":[4,8],"15":[1,2],"16":[1,3],"17":[1,2]},"f":{"1":1,"2":8,"3":3,"4":4,"5":5,"6":16,"7":1,"8":3,"9":23,"10":16,"11":11,"12":13,"13":8,"14":3,"15":4,"16":1,"17":3,"18":15,"19":1,"20":3,"21":15},"fnMap":{"1":{"name":"log","line":4,"loc":{"start":{"line":4,"column":0},"end":{"line":4,"column":22}}},"2":{"name":"(anonymous_2)","line":85,"loc":{"start":{"line":85,"column":11},"end":{"line":85,"column":22}}},"3":{"name":"(anonymous_3)","line":97,"loc":{"start":{"line":97,"column":12},"end":{"line":97,"column":23}}},"4":{"name":"(anonymous_4)","line":127,"loc":{"start":{"line":127,"column":14},"end":{"line":127,"column":25}}},"5":{"name":"(anonymous_5)","line":167,"loc":{"start":{"line":167,"column":9},"end":{"line":167,"column":24}}},"6":{"name":"(anonymous_6)","line":192,"loc":{"start":{"line":192,"column":9},"end":{"line":192,"column":31}}},"7":{"name":"(anonymous_7)","line":235,"loc":{"start":{"line":235,"column":11},"end":{"line":235,"column":26}}},"8":{"name":"(anonymous_8)","line":249,"loc":{"start":{"line":249,"column":16},"end":{"line":249,"column":32}}},"9":{"name":"(anonymous_9)","line":269,"loc":{"start":{"line":269,"column":21},"end":{"line":269,"column":32}}},"10":{"name":"(anonymous_10)","line":273,"loc":{"start":{"line":273,"column":11},"end":{"line":273,"column":22}}},"11":{"name":"(anonymous_11)","line":289,"loc":{"start":{"line":289,"column":14},"end":{"line":289,"column":36}}},"12":{"name":"(anonymous_12)","line":312,"loc":{"start":{"line":312,"column":37},"end":{"line":312,"column":52}}},"13":{"name":"(anonymous_13)","line":328,"loc":{"start":{"line":328,"column":11},"end":{"line":328,"column":22}}},"14":{"name":"(anonymous_14)","line":331,"loc":{"start":{"line":331,"column":12},"end":{"line":331,"column":23}}},"15":{"name":"(anonymous_15)","line":337,"loc":{"start":{"line":337,"column":14},"end":{"line":337,"column":25}}},"16":{"name":"(anonymous_16)","line":343,"loc":{"start":{"line":343,"column":9},"end":{"line":343,"column":20}}},"17":{"name":"(anonymous_17)","line":344,"loc":{"start":{"line":344,"column":9},"end":{"line":344,"column":24}}},"18":{"name":"(anonymous_18)","line":349,"loc":{"start":{"line":349,"column":9},"end":{"line":349,"column":31}}},"19":{"name":"(anonymous_19)","line":352,"loc":{"start":{"line":352,"column":11},"end":{"line":352,"column":26}}},"20":{"name":"(anonymous_20)","line":355,"loc":{"start":{"line":355,"column":16},"end":{"line":355,"column":31}}},"21":{"name":"processInput","line":368,"loc":{"start":{"line":368,"column":0},"end":{"line":368,"column":29}}}},"statementMap":{"1":{"start":{"line":1,"column":0},"end":{"line":1,"column":13}},"2":{"start":{"line":2,"column":0},"end":{"line":2,"column":13}},"3":{"start":{"line":4,"column":0},"end":{"line":6,"column":1}},"4":{"start":{"line":5,"column":4},"end":{"line":5,"column":25}},"5":{"start":{"line":8,"column":0},"end":{"line":325,"column":2}},"6":{"start":{"line":86,"column":8},"end":{"line":86,"column":36}},"7":{"start":{"line":98,"column":8},"end":{"line":98,"column":17}},"8":{"start":{"line":99,"column":8},"end":{"line":99,"column":43}},"9":{"start":{"line":102,"column":8},"end":{"line":104,"column":9}},"10":{"start":{"line":103,"column":12},"end":{"line":103,"column":25}},"11":{"start":{"line":107,"column":8},"end":{"line":113,"column":9}},"12":{"start":{"line":108,"column":12},"end":{"line":108,"column":88}},"13":{"start":{"line":109,"column":12},"end":{"line":112,"column":13}},"14":{"start":{"line":111,"column":16},"end":{"line":111,"column":94}},"15":{"start":{"line":116,"column":8},"end":{"line":116,"column":32}},"16":{"start":{"line":118,"column":8},"end":{"line":118,"column":20}},"17":{"start":{"line":128,"column":8},"end":{"line":128,"column":24}},"18":{"start":{"line":129,"column":8},"end":{"line":129,"column":17}},"19":{"start":{"line":132,"column":8},"end":{"line":134,"column":9}},"20":{"start":{"line":133,"column":12},"end":{"line":133,"column":25}},"21":{"start":{"line":137,"column":8},"end":{"line":137,"column":47}},"22":{"start":{"line":140,"column":8},"end":{"line":152,"column":9}},"23":{"start":{"line":141,"column":12},"end":{"line":141,"column":54}},"24":{"start":{"line":142,"column":12},"end":{"line":151,"column":13}},"25":{"start":{"line":150,"column":16},"end":{"line":150,"column":46}},"26":{"start":{"line":154,"column":8},"end":{"line":154,"column":20}},"27":{"start":{"line":168,"column":8},"end":{"line":168,"column":18}},"28":{"start":{"line":169,"column":8},"end":{"line":169,"column":43}},"29":{"start":{"line":171,"column":8},"end":{"line":171,"column":84}},"30":{"start":{"line":172,"column":8},"end":{"line":176,"column":9}},"31":{"start":{"line":173,"column":12},"end":{"line":173,"column":77}},"32":{"start":{"line":175,"column":12},"end":{"line":175,"column":35}},"33":{"start":{"line":178,"column":8},"end":{"line":178,"column":50}},"34":{"start":{"line":193,"column":8},"end":{"line":193,"column":31}},"35":{"start":{"line":194,"column":8},"end":{"line":194,"column":36}},"36":{"start":{"line":195,"column":8},"end":{"line":195,"column":43}},"37":{"start":{"line":197,"column":8},"end":{"line":225,"column":9}},"38":{"start":{"line":198,"column":12},"end":{"line":198,"column":68}},"39":{"start":{"line":199,"column":12},"end":{"line":199,"column":77}},"40":{"start":{"line":202,"column":12},"end":{"line":202,"column":45}},"41":{"start":{"line":204,"column":12},"end":{"line":221,"column":13}},"42":{"start":{"line":205,"column":16},"end":{"line":205,"column":92}},"43":{"start":{"line":210,"column":16},"end":{"line":212,"column":17}},"44":{"start":{"line":211,"column":20},"end":{"line":211,"column":86}},"45":{"start":{"line":217,"column":16},"end":{"line":220,"column":18}},"46":{"start":{"line":224,"column":12},"end":{"line":224,"column":39}},"47":{"start":{"line":236,"column":8},"end":{"line":236,"column":29}},"48":{"start":{"line":250,"column":8},"end":{"line":250,"column":20}},"49":{"start":{"line":251,"column":8},"end":{"line":251,"column":17}},"50":{"start":{"line":253,"column":8},"end":{"line":257,"column":9}},"51":{"start":{"line":254,"column":12},"end":{"line":256,"column":13}},"52":{"start":{"line":255,"column":16},"end":{"line":255,"column":25}},"53":{"start":{"line":259,"column":8},"end":{"line":259,"column":19}},"54":{"start":{"line":270,"column":8},"end":{"line":270,"column":45}},"55":{"start":{"line":274,"column":8},"end":{"line":274,"column":32}},"56":{"start":{"line":275,"column":8},"end":{"line":275,"column":22}},"57":{"start":{"line":276,"column":8},"end":{"line":276,"column":30}},"58":{"start":{"line":290,"column":8},"end":{"line":299,"column":9}},"59":{"start":{"line":291,"column":12},"end":{"line":291,"column":34}},"60":{"start":{"line":292,"column":12},"end":{"line":292,"column":42}},"61":{"start":{"line":294,"column":12},"end":{"line":294,"column":35}},"62":{"start":{"line":295,"column":12},"end":{"line":298,"column":13}},"63":{"start":{"line":313,"column":8},"end":{"line":313,"column":52}},"64":{"start":{"line":314,"column":8},"end":{"line":314,"column":29}},"65":{"start":{"line":316,"column":8},"end":{"line":321,"column":9}},"66":{"start":{"line":317,"column":12},"end":{"line":317,"column":59}},"67":{"start":{"line":318,"column":12},"end":{"line":320,"column":13}},"68":{"start":{"line":319,"column":16},"end":{"line":319,"column":69}},"69":{"start":{"line":323,"column":8},"end":{"line":323,"column":20}},"70":{"start":{"line":327,"column":0},"end":{"line":358,"column":1}},"71":{"start":{"line":329,"column":8},"end":{"line":329,"column":25}},"72":{"start":{"line":332,"column":8},"end":{"line":332,"column":39}},"73":{"start":{"line":333,"column":8},"end":{"line":335,"column":9}},"74":{"start":{"line":334,"column":12},"end":{"line":334,"column":34}},"75":{"start":{"line":338,"column":8},"end":{"line":338,"column":41}},"76":{"start":{"line":339,"column":8},"end":{"line":341,"column":9}},"77":{"start":{"line":340,"column":12},"end":{"line":340,"column":34}},"78":{"start":{"line":345,"column":8},"end":{"line":345,"column":39}},"79":{"start":{"line":346,"column":8},"end":{"line":346,"column":48}},"80":{"start":{"line":347,"column":8},"end":{"line":347,"column":26}},"81":{"start":{"line":350,"column":8},"end":{"line":350,"column":34}},"82":{"start":{"line":353,"column":8},"end":{"line":353,"column":29}},"83":{"start":{"line":356,"column":8},"end":{"line":356,"column":46}},"84":{"start":{"line":368,"column":0},"end":{"line":383,"column":1}},"85":{"start":{"line":369,"column":4},"end":{"line":369,"column":34}},"86":{"start":{"line":370,"column":4},"end":{"line":370,"column":13}},"87":{"start":{"line":371,"column":4},"end":{"line":371,"column":10}},"88":{"start":{"line":372,"column":4},"end":{"line":372,"column":13}},"89":{"start":{"line":373,"column":4},"end":{"line":373,"column":16}},"90":{"start":{"line":375,"column":4},"end":{"line":382,"column":5}},"91":{"start":{"line":376,"column":8},"end":{"line":376,"column":24}},"92":{"start":{"line":377,"column":8},"end":{"line":377,"column":18}},"93":{"start":{"line":378,"column":8},"end":{"line":378,"column":31}},"94":{"start":{"line":379,"column":8},"end":{"line":379,"column":26}},"95":{"start":{"line":380,"column":8},"end":{"line":380,"column":21}},"96":{"start":{"line":381,"column":8},"end":{"line":381,"column":44}},"97":{"start":{"line":385,"column":0},"end":{"line":389,"column":1}}},"branchMap":{"1":{"line":102,"type":"if","locations":[{"start":{"line":102,"column":8},"end":{"line":102,"column":8}},{"start":{"line":102,"column":8},"end":{"line":102,"column":8}}]},"2":{"line":109,"type":"if","locations":[{"start":{"line":109,"column":12},"end":{"line":109,"column":12}},{"start":{"line":109,"column":12},"end":{"line":109,"column":12}}]},"3":{"line":132,"type":"if","locations":[{"start":{"line":132,"column":8},"end":{"line":132,"column":8}},{"start":{"line":132,"column":8},"end":{"line":132,"column":8}}]},"4":{"line":142,"type":"if","locations":[{"start":{"line":142,"column":12},"end":{"line":142,"column":12}},{"start":{"line":142,"column":12},"end":{"line":142,"column":12}}]},"5":{"line":143,"type":"binary-expr","locations":[{"start":{"line":143,"column":16},"end":{"line":143,"column":59}},{"start":{"line":144,"column":16},"end":{"line":144,"column":42}}]},"6":{"line":172,"type":"if","locations":[{"start":{"line":172,"column":8},"end":{"line":172,"column":8}},{"start":{"line":172,"column":8},"end":{"line":172,"column":8}}]},"7":{"line":178,"type":"cond-expr","locations":[{"start":{"line":178,"column":37},"end":{"line":178,"column":41}},{"start":{"line":178,"column":44},"end":{"line":178,"column":49}}]},"8":{"line":197,"type":"if","locations":[{"start":{"line":197,"column":8},"end":{"line":197,"column":8}},{"start":{"line":197,"column":8},"end":{"line":197,"column":8}}]},"9":{"line":204,"type":"if","locations":[{"start":{"line":204,"column":12},"end":{"line":204,"column":12}},{"start":{"line":204,"column":12},"end":{"line":204,"column":12}}]},"10":{"line":210,"type":"if","locations":[{"start":{"line":210,"column":16},"end":{"line":210,"column":16}},{"start":{"line":210,"column":16},"end":{"line":210,"column":16}}]},"11":{"line":254,"type":"if","locations":[{"start":{"line":254,"column":12},"end":{"line":254,"column":12}},{"start":{"line":254,"column":12},"end":{"line":254,"column":12}}]},"12":{"line":290,"type":"if","locations":[{"start":{"line":290,"column":8},"end":{"line":290,"column":8}},{"start":{"line":290,"column":8},"end":{"line":290,"column":8}}]},"13":{"line":316,"type":"if","locations":[{"start":{"line":316,"column":8},"end":{"line":316,"column":8}},{"start":{"line":316,"column":8},"end":{"line":316,"column":8}}]},"14":{"line":318,"type":"if","locations":[{"start":{"line":318,"column":12},"end":{"line":318,"column":12}},{"start":{"line":318,"column":12},"end":{"line":318,"column":12}}]},"15":{"line":333,"type":"if","locations":[{"start":{"line":333,"column":8},"end":{"line":333,"column":8}},{"start":{"line":333,"column":8},"end":{"line":333,"column":8}}]},"16":{"line":339,"type":"if","locations":[{"start":{"line":339,"column":8},"end":{"line":339,"column":8}},{"start":{"line":339,"column":8},"end":{"line":339,"column":8}}]},"17":{"line":346,"type":"cond-expr","locations":[{"start":{"line":346,"column":33},"end":{"line":346,"column":39}},{"start":{"line":346,"column":42},"end":{"line":346,"column":47}}]}}}}