TN:
SF:/Users/adrian/Documents/SimpleDB/thumbstack.js
FN:93,(anonymous_1)
FN:105,(anonymous_2)
FN:137,(anonymous_3)
FN:169,(anonymous_4)
FN:185,(anonymous_5)
FN:205,(anonymous_6)
FN:218,(anonymous_7)
FN:230,(anonymous_8)
FN:245,(anonymous_9)
FN:262,(anonymous_10)
FN:274,(anonymous_11)
FN:306,(anonymous_12)
FN:324,(anonymous_13)
FN:358,(anonymous_14)
FN:393,(anonymous_15)
FN:405,(anonymous_16)
FN:408,(anonymous_17)
FN:414,(anonymous_18)
FN:420,(anonymous_19)
FN:421,(anonymous_20)
FN:426,(anonymous_21)
FN:429,(anonymous_22)
FN:432,(anonymous_23)
FN:444,log
FN:455,processInput
FNF:25
FNH:25
FNDA:17,(anonymous_1)
FNDA:4,(anonymous_2)
FNDA:6,(anonymous_3)
FNDA:16,(anonymous_4)
FNDA:35,(anonymous_5)
FNDA:4,(anonymous_6)
FNDA:7,(anonymous_7)
FNDA:20,(anonymous_8)
FNDA:18,(anonymous_9)
FNDA:45,(anonymous_10)
FNDA:4,(anonymous_11)
FNDA:23,(anonymous_12)
FNDA:39,(anonymous_13)
FNDA:18,(anonymous_14)
FNDA:19,(anonymous_15)
FNDA:17,(anonymous_16)
FNDA:4,(anonymous_17)
FNDA:6,(anonymous_18)
FNDA:1,(anonymous_19)
FNDA:16,(anonymous_20)
FNDA:31,(anonymous_21)
FNDA:4,(anonymous_22)
FNDA:7,(anonymous_23)
FNDA:1,log
FNDA:19,processInput
DA:2,1
DA:94,17
DA:106,4
DA:107,4
DA:110,4
DA:111,1
DA:115,3
DA:119,6
DA:120,6
DA:124,3
DA:125,3
DA:128,3
DA:138,6
DA:139,6
DA:142,6
DA:143,1
DA:147,5
DA:151,5
DA:152,4
DA:156,5
DA:170,16
DA:171,16
DA:186,35
DA:188,18
DA:191,17
DA:195,35
DA:206,4
DA:219,7
DA:220,7
DA:231,20
DA:232,20
DA:233,20
DA:234,20
DA:235,20
DA:246,18
DA:263,45
DA:275,4
DA:276,4
DA:277,4
DA:279,4
DA:280,4
DA:284,3
DA:285,3
DA:289,1
DA:290,1
DA:293,4
DA:307,23
DA:308,2
DA:310,21
DA:325,39
DA:327,39
DA:328,5
DA:330,34
DA:331,34
DA:332,31
DA:333,3
DA:334,2
DA:338,39
DA:343,17
DA:344,17
DA:345,15
DA:359,18
DA:360,18
DA:361,18
DA:365,18
DA:367,18
DA:368,18
DA:373,2
DA:374,1
DA:379,16
DA:394,19
DA:396,19
DA:397,3
DA:400,16
DA:404,1
DA:406,17
DA:409,4
DA:410,4
DA:411,1
DA:415,6
DA:416,6
DA:417,1
DA:422,16
DA:423,16
DA:424,16
DA:427,31
DA:430,4
DA:433,7
DA:444,1
DA:445,1
DA:455,1
DA:456,19
DA:457,19
DA:458,19
DA:459,19
DA:460,19
DA:462,19
DA:463,86
DA:464,86
DA:465,86
DA:466,86
DA:467,86
DA:468,86
DA:472,1
LF:104
LH:104
BRDA:110,1,0,1
BRDA:110,1,1,3
BRDA:119,2,0,5
BRDA:119,2,1,1
BRDA:142,3,0,1
BRDA:142,3,1,5
BRDA:171,4,0,4
BRDA:171,4,1,12
BRDA:186,5,0,18
BRDA:186,5,1,17
BRDA:220,6,0,3
BRDA:220,6,1,4
BRDA:280,7,0,3
BRDA:280,7,1,1
BRDA:285,8,0,2
BRDA:285,8,1,1
BRDA:307,9,0,2
BRDA:307,9,1,21
BRDA:327,10,0,5
BRDA:327,10,1,34
BRDA:331,11,0,31
BRDA:331,11,1,3
BRDA:333,12,0,2
BRDA:333,12,1,1
BRDA:338,13,0,17
BRDA:338,13,1,22
BRDA:339,14,0,39
BRDA:339,14,1,18
BRDA:339,14,2,18
BRDA:344,15,0,15
BRDA:344,15,1,2
BRDA:368,16,0,2
BRDA:368,16,1,16
BRDA:373,17,0,1
BRDA:373,17,1,1
BRDA:396,18,0,3
BRDA:396,18,1,16
BRDA:396,19,0,19
BRDA:396,19,1,3
BRDA:410,20,0,1
BRDA:410,20,1,3
BRDA:416,21,0,1
BRDA:416,21,1,5
BRDA:423,22,0,4
BRDA:423,22,1,12
BRF:45
BRH:45
end_of_record
