TN:
SF:/Users/adrian/Documents/SimpleDB/thumbstack.js
FN:4,log
FN:85,(anonymous_2)
FN:97,(anonymous_3)
FN:127,(anonymous_4)
FN:167,(anonymous_5)
FN:192,(anonymous_6)
FN:235,(anonymous_7)
FN:249,(anonymous_8)
FN:269,(anonymous_9)
FN:273,(anonymous_10)
FN:289,(anonymous_11)
FN:312,(anonymous_12)
FN:328,(anonymous_13)
FN:331,(anonymous_14)
FN:337,(anonymous_15)
FN:343,(anonymous_16)
FN:344,(anonymous_17)
FN:349,(anonymous_18)
FN:352,(anonymous_19)
FN:355,(anonymous_20)
FN:368,processInput
FNF:21
FNH:21
FNDA:1,log
FNDA:8,(anonymous_2)
FNDA:3,(anonymous_3)
FNDA:4,(anonymous_4)
FNDA:5,(anonymous_5)
FNDA:16,(anonymous_6)
FNDA:1,(anonymous_7)
FNDA:3,(anonymous_8)
FNDA:23,(anonymous_9)
FNDA:16,(anonymous_10)
FNDA:11,(anonymous_11)
FNDA:13,(anonymous_12)
FNDA:8,(anonymous_13)
FNDA:3,(anonymous_14)
FNDA:4,(anonymous_15)
FNDA:1,(anonymous_16)
FNDA:3,(anonymous_17)
FNDA:15,(anonymous_18)
FNDA:1,(anonymous_19)
FNDA:3,(anonymous_20)
FNDA:15,processInput
DA:1,1
DA:2,1
DA:4,1
DA:5,1
DA:8,1
DA:86,8
DA:98,3
DA:99,3
DA:102,3
DA:103,1
DA:107,2
DA:108,3
DA:109,3
DA:111,2
DA:116,2
DA:118,2
DA:128,4
DA:129,4
DA:132,4
DA:133,1
DA:137,3
DA:140,3
DA:141,2
DA:142,2
DA:150,1
DA:154,3
DA:168,5
DA:169,5
DA:171,5
DA:172,5
DA:173,1
DA:175,4
DA:178,5
DA:193,16
DA:194,16
DA:195,16
DA:197,16
DA:198,7
DA:199,7
DA:202,7
DA:204,7
DA:205,5
DA:210,5
DA:211,4
DA:217,2
DA:224,9
DA:236,1
DA:250,3
DA:251,3
DA:253,3
DA:254,2
DA:255,1
DA:259,3
DA:270,23
DA:274,16
DA:275,16
DA:276,16
DA:290,11
DA:291,1
DA:292,1
DA:294,10
DA:295,10
DA:313,13
DA:314,13
DA:316,13
DA:317,12
DA:318,12
DA:319,4
DA:323,9
DA:327,1
DA:329,8
DA:332,3
DA:333,3
DA:334,1
DA:338,4
DA:339,4
DA:340,1
DA:345,3
DA:346,3
DA:347,3
DA:350,15
DA:353,1
DA:356,3
DA:368,1
DA:369,15
DA:370,15
DA:371,15
DA:372,15
DA:373,15
DA:375,15
DA:376,38
DA:377,38
DA:378,38
DA:379,38
DA:380,38
DA:381,38
DA:385,1
LF:97
LH:97
BRDA:102,1,0,1
BRDA:102,1,1,2
BRDA:109,2,0,2
BRDA:109,2,1,1
BRDA:132,3,0,1
BRDA:132,3,1,3
BRDA:142,4,0,1
BRDA:142,4,1,1
BRDA:143,5,0,2
BRDA:143,5,1,2
BRDA:172,6,0,1
BRDA:172,6,1,4
BRDA:178,7,0,1
BRDA:178,7,1,4
BRDA:197,8,0,7
BRDA:197,8,1,9
BRDA:204,9,0,5
BRDA:204,9,1,2
BRDA:210,10,0,4
BRDA:210,10,1,1
BRDA:254,11,0,1
BRDA:254,11,1,1
BRDA:290,12,0,1
BRDA:290,12,1,10
BRDA:316,13,0,12
BRDA:316,13,1,1
BRDA:318,14,0,4
BRDA:318,14,1,8
BRDA:333,15,0,1
BRDA:333,15,1,2
BRDA:339,16,0,1
BRDA:339,16,1,3
BRDA:346,17,0,1
BRDA:346,17,1,2
BRF:34
BRH:34
end_of_record
